ParseStarterProject/build/outputs/logs/manifest-merger-debug-report.txt
-- Merging decision tree log ---
manifest
ADDED from src/main/AndroidManifest.xml:9:1-43:12
	package
		ADDED from src/main/AndroidManifest.xml:10:5-32
		INJECTED from src/main/AndroidManifest.xml
		INJECTED from src/main/AndroidManifest.xml
	android:versionName
		INJECTED from src/main/AndroidManifest.xml
		INJECTED from src/main/AndroidManifest.xml
	xmlns:android
		ADDED from src/main/AndroidManifest.xml:9:11-69
	android:versionCode
		INJECTED from src/main/AndroidManifest.xml
		INJECTED from src/main/AndroidManifest.xml
uses-permission#android.permission.INTERNET
ADDED from src/main/AndroidManifest.xml:12:5-67
	android:name
		ADDED from src/main/AndroidManifest.xml:12:22-64
uses-permission#android.permission.ACCESS_NETWORK_STATE
ADDED from src/main/AndroidManifest.xml:13:5-79
	android:name
		ADDED from src/main/AndroidManifest.xml:13:22-76
uses-permission#android.permission.CAMERA
ADDED from src/main/AndroidManifest.xml:14:5-65
	android:name
		ADDED from src/main/AndroidManifest.xml:14:22-62
uses-feature#android.hardware.camera
ADDED from src/main/AndroidManifest.xml:16:5-18:35
	android:required
		ADDED from src/main/AndroidManifest.xml:18:9-32
	android:name
		ADDED from src/main/AndroidManifest.xml:17:9-47
uses-permission#android.permission.WRITE_EXTERNAL_STORAGE
ADDED from src/main/AndroidManifest.xml:20:5-81
	android:name
		ADDED from src/main/AndroidManifest.xml:20:22-78
application
ADDED from src/main/AndroidManifest.xml:22:5-41:19
MERGED from [com.android.support:appcompat-v7:22.2.0] AndroidManifest.xml:22:5-20
MERGED from [com.android.support:support-v4:22.2.0] AndroidManifest.xml:22:5-20
	android:label
		ADDED from src/main/AndroidManifest.xml:26:9-41
	android:allowBackup
		ADDED from src/main/AndroidManifest.xml:24:9-35
	android:icon
		ADDED from src/main/AndroidManifest.xml:25:9-43
	android:theme
		ADDED from src/main/AndroidManifest.xml:27:9-40
	android:name
		ADDED from src/main/AndroidManifest.xml:23:9-43
meta-data#com.parse.APPLICATION_ID
ADDED from src/main/AndroidManifest.xml:28:9-30:52
	android:value
		ADDED from src/main/AndroidManifest.xml:30:13-49
	android:name
		ADDED from src/main/AndroidManifest.xml:29:13-52
meta-data#com.parse.CLIENT_KEY
ADDED from src/main/AndroidManifest.xml:31:9-33:56
	android:value
		ADDED from src/main/AndroidManifest.xml:33:13-53
	android:name
		ADDED from src/main/AndroidManifest.xml:32:13-48
activity#com.parse.starter.SignUpActivity
ADDED from src/main/AndroidManifest.xml:35:9-52
	android:name
		ADDED from src/main/AndroidManifest.xml:35:19-49
activity#com.parse.starter.LogInActivity
ADDED from src/main/AndroidManifest.xml:36:9-51
	android:name
		ADDED from src/main/AndroidManifest.xml:36:19-48
activity#com.parse.starter.WelcomeActivity
ADDED from src/main/AndroidManifest.xml:37:9-62
	android:name
		ADDED from src/main/AndroidManifest.xml:37:19-50
activity#com.parse.starter.TakePhotoActivity
ADDED from src/main/AndroidManifest.xml:38:9-66
	android:name
		ADDED from src/main/AndroidManifest.xml:38:19-52
activity#com.parse.starter.HomePageActivity
ADDED from src/main/AndroidManifest.xml:39:9-65
	android:name
		ADDED from src/main/AndroidManifest.xml:39:19-51
activity#com.parse.starter.FullDisplayActivity
ADDED from src/main/AndroidManifest.xml:40:9-66
	android:name
		ADDED from src/main/AndroidManifest.xml:40:19-54
uses-sdk
INJECTED from src/main/AndroidManifest.xml reason: use-sdk injection requested
MERGED from [com.android.support:appcompat-v7:22.2.0] AndroidManifest.xml:20:5-43
MERGED from [com.android.support:support-v4:22.2.0] AndroidManifest.xml:20:5-43
	android:targetSdkVersion
		INJECTED from src/main/AndroidManifest.xml
		INJECTED from src/main/AndroidManifest.xml
	android:minSdkVersion
		INJECTED from src/main/AndroidManifest.xml
		INJECTED from src/main/AndroidManifest.xml